{"/home/katerina/Documents/wordkat/wordkat/wordkat.js":{"path":"/home/katerina/Documents/wordkat/wordkat/wordkat.js","s":{"1":1,"2":1,"3":1,"4":1,"5":1,"6":1,"7":1,"8":1,"9":1,"10":1,"11":1,"12":1,"13":1,"14":8,"15":8,"16":8,"17":8,"18":8,"19":1,"20":7,"21":1,"22":1,"23":6,"24":0,"25":0,"26":6,"27":1,"28":1,"29":1,"30":1,"31":5,"32":1,"33":1,"34":1,"35":1,"36":4,"37":2,"38":1,"39":1,"40":2,"41":1,"42":1,"43":2,"44":0,"45":0,"46":2,"47":2,"48":0,"49":2,"50":2,"51":2,"52":1,"53":0,"54":0,"55":0,"56":1,"57":1},"b":{"1":[1,7],"2":[1,6],"3":[0,6],"4":[1,5],"5":[1,4],"6":[2,2],"7":[1,1],"8":[1,1],"9":[0,2],"10":[2,2],"11":[0,2],"12":[0,0]},"f":{"1":1,"2":8,"3":1,"4":2,"5":0},"fnMap":{"1":{"name":"(anonymous_1)","line":1,"loc":{"start":{"line":1,"column":15},"end":{"line":1,"column":26}}},"2":{"name":"handler","line":15,"loc":{"start":{"line":15,"column":4},"end":{"line":15,"column":40}}},"3":{"name":"(anonymous_3)","line":39,"loc":{"start":{"line":39,"column":32},"end":{"line":39,"column":47}}},"4":{"name":"(anonymous_4)","line":64,"loc":{"start":{"line":64,"column":49},"end":{"line":64,"column":69}}},"5":{"name":"startServer","line":82,"loc":{"start":{"line":82,"column":4},"end":{"line":82,"column":27}}}},"statementMap":{"1":{"start":{"line":1,"column":0},"end":{"line":92,"column":5}},"2":{"start":{"line":3,"column":4},"end":{"line":3,"column":31}},"3":{"start":{"line":4,"column":4},"end":{"line":4,"column":27}},"4":{"start":{"line":5,"column":4},"end":{"line":5,"column":20}},"5":{"start":{"line":6,"column":4},"end":{"line":6,"column":59}},"6":{"start":{"line":7,"column":4},"end":{"line":7,"column":81}},"7":{"start":{"line":8,"column":4},"end":{"line":8,"column":81}},"8":{"start":{"line":9,"column":4},"end":{"line":9,"column":56}},"9":{"start":{"line":10,"column":4},"end":{"line":10,"column":56}},"10":{"start":{"line":11,"column":4},"end":{"line":11,"column":89}},"11":{"start":{"line":12,"column":4},"end":{"line":12,"column":52}},"12":{"start":{"line":13,"column":4},"end":{"line":13,"column":42}},"13":{"start":{"line":15,"column":4},"end":{"line":80,"column":5}},"14":{"start":{"line":16,"column":8},"end":{"line":16,"column":28}},"15":{"start":{"line":17,"column":8},"end":{"line":17,"column":30}},"16":{"start":{"line":18,"column":8},"end":{"line":18,"column":44}},"17":{"start":{"line":19,"column":8},"end":{"line":19,"column":48}},"18":{"start":{"line":20,"column":8},"end":{"line":78,"column":9}},"19":{"start":{"line":21,"column":12},"end":{"line":21,"column":36}},"20":{"start":{"line":22,"column":15},"end":{"line":78,"column":9}},"21":{"start":{"line":23,"column":12},"end":{"line":25,"column":15}},"22":{"start":{"line":26,"column":12},"end":{"line":26,"column":42}},"23":{"start":{"line":27,"column":15},"end":{"line":78,"column":9}},"24":{"start":{"line":28,"column":12},"end":{"line":30,"column":15}},"25":{"start":{"line":31,"column":12},"end":{"line":31,"column":40}},"26":{"start":{"line":32,"column":15},"end":{"line":78,"column":9}},"27":{"start":{"line":33,"column":12},"end":{"line":33,"column":35}},"28":{"start":{"line":34,"column":12},"end":{"line":34,"column":105}},"29":{"start":{"line":35,"column":12},"end":{"line":35,"column":39}},"30":{"start":{"line":36,"column":12},"end":{"line":36,"column":27}},"31":{"start":{"line":37,"column":15},"end":{"line":78,"column":9}},"32":{"start":{"line":38,"column":12},"end":{"line":38,"column":35}},"33":{"start":{"line":39,"column":12},"end":{"line":42,"column":15}},"34":{"start":{"line":40,"column":16},"end":{"line":40,"column":37}},"35":{"start":{"line":41,"column":16},"end":{"line":41,"column":31}},"36":{"start":{"line":45,"column":15},"end":{"line":78,"column":9}},"37":{"start":{"line":46,"column":12},"end":{"line":51,"column":13}},"38":{"start":{"line":47,"column":16},"end":{"line":49,"column":19}},"39":{"start":{"line":50,"column":16},"end":{"line":50,"column":35}},"40":{"start":{"line":52,"column":12},"end":{"line":57,"column":13}},"41":{"start":{"line":53,"column":16},"end":{"line":55,"column":19}},"42":{"start":{"line":56,"column":16},"end":{"line":56,"column":35}},"43":{"start":{"line":58,"column":15},"end":{"line":78,"column":9}},"44":{"start":{"line":59,"column":12},"end":{"line":61,"column":15}},"45":{"start":{"line":62,"column":12},"end":{"line":62,"column":32}},"46":{"start":{"line":64,"column":12},"end":{"line":74,"column":15}},"47":{"start":{"line":65,"column":16},"end":{"line":72,"column":17}},"48":{"start":{"line":66,"column":20},"end":{"line":66,"column":35}},"49":{"start":{"line":68,"column":20},"end":{"line":68,"column":56}},"50":{"start":{"line":69,"column":20},"end":{"line":71,"column":23}},"51":{"start":{"line":73,"column":16},"end":{"line":73,"column":35}},"52":{"start":{"line":82,"column":4},"end":{"line":86,"column":5}},"53":{"start":{"line":83,"column":8},"end":{"line":83,"column":48}},"54":{"start":{"line":84,"column":8},"end":{"line":84,"column":48}},"55":{"start":{"line":85,"column":8},"end":{"line":85,"column":60}},"56":{"start":{"line":87,"column":4},"end":{"line":90,"column":6}},"57":{"start":{"line":94,"column":0},"end":{"line":94,"column":25}}},"branchMap":{"1":{"line":20,"type":"if","locations":[{"start":{"line":20,"column":8},"end":{"line":20,"column":8}},{"start":{"line":20,"column":8},"end":{"line":20,"column":8}}]},"2":{"line":22,"type":"if","locations":[{"start":{"line":22,"column":15},"end":{"line":22,"column":15}},{"start":{"line":22,"column":15},"end":{"line":22,"column":15}}]},"3":{"line":27,"type":"if","locations":[{"start":{"line":27,"column":15},"end":{"line":27,"column":15}},{"start":{"line":27,"column":15},"end":{"line":27,"column":15}}]},"4":{"line":32,"type":"if","locations":[{"start":{"line":32,"column":15},"end":{"line":32,"column":15}},{"start":{"line":32,"column":15},"end":{"line":32,"column":15}}]},"5":{"line":37,"type":"if","locations":[{"start":{"line":37,"column":15},"end":{"line":37,"column":15}},{"start":{"line":37,"column":15},"end":{"line":37,"column":15}}]},"6":{"line":45,"type":"if","locations":[{"start":{"line":45,"column":15},"end":{"line":45,"column":15}},{"start":{"line":45,"column":15},"end":{"line":45,"column":15}}]},"7":{"line":46,"type":"if","locations":[{"start":{"line":46,"column":12},"end":{"line":46,"column":12}},{"start":{"line":46,"column":12},"end":{"line":46,"column":12}}]},"8":{"line":52,"type":"if","locations":[{"start":{"line":52,"column":12},"end":{"line":52,"column":12}},{"start":{"line":52,"column":12},"end":{"line":52,"column":12}}]},"9":{"line":58,"type":"if","locations":[{"start":{"line":58,"column":15},"end":{"line":58,"column":15}},{"start":{"line":58,"column":15},"end":{"line":58,"column":15}}]},"10":{"line":58,"type":"binary-expr","locations":[{"start":{"line":58,"column":19},"end":{"line":58,"column":38}},{"start":{"line":58,"column":42},"end":{"line":58,"column":58}}]},"11":{"line":65,"type":"if","locations":[{"start":{"line":65,"column":16},"end":{"line":65,"column":16}},{"start":{"line":65,"column":16},"end":{"line":65,"column":16}}]},"12":{"line":84,"type":"binary-expr","locations":[{"start":{"line":84,"column":22},"end":{"line":84,"column":38}},{"start":{"line":84,"column":42},"end":{"line":84,"column":46}}]}}},"/home/katerina/Documents/wordkat/wordkat/autocomplete.js":{"path":"/home/katerina/Documents/wordkat/wordkat/autocomplete.js","s":{"1":1,"2":1,"3":1,"4":235887,"5":413,"6":1,"7":1},"b":{"1":[413,235474]},"f":{"1":1,"2":1,"3":235887},"fnMap":{"1":{"name":"(anonymous_1)","line":1,"loc":{"start":{"line":1,"column":20},"end":{"line":1,"column":31}}},"2":{"name":"(anonymous_2)","line":3,"loc":{"start":{"line":3,"column":20},"end":{"line":3,"column":55}}},"3":{"name":"(anonymous_3)","line":4,"loc":{"start":{"line":4,"column":31},"end":{"line":4,"column":46}}}},"statementMap":{"1":{"start":{"line":1,"column":0},"end":{"line":17,"column":5}},"2":{"start":{"line":3,"column":2},"end":{"line":9,"column":4}},"3":{"start":{"line":4,"column":6},"end":{"line":8,"column":9}},"4":{"start":{"line":5,"column":10},"end":{"line":7,"column":11}},"5":{"start":{"line":6,"column":12},"end":{"line":6,"column":24}},"6":{"start":{"line":11,"column":2},"end":{"line":13,"column":4}},"7":{"start":{"line":19,"column":0},"end":{"line":19,"column":30}}},"branchMap":{"1":{"line":5,"type":"if","locations":[{"start":{"line":5,"column":10},"end":{"line":5,"column":10}},{"start":{"line":5,"column":10},"end":{"line":5,"column":10}}]}}},"/home/katerina/Documents/wordkat/wordkat/wordnik.js":{"path":"/home/katerina/Documents/wordkat/wordkat/wordnik.js","s":{"1":1,"2":1,"3":1,"4":1,"5":1,"6":1,"7":1,"8":0,"9":1,"10":0,"11":1,"12":1,"13":0,"14":1,"15":1},"b":{"1":[0,1],"2":[0,1],"3":[0,1]},"f":{"1":1,"2":1},"fnMap":{"1":{"name":"wnRequest","line":7,"loc":{"start":{"line":7,"column":0},"end":{"line":7,"column":41}}},"2":{"name":"(anonymous_2)","line":10,"loc":{"start":{"line":10,"column":28},"end":{"line":10,"column":60}}}},"statementMap":{"1":{"start":{"line":1,"column":0},"end":{"line":1,"column":27}},"2":{"start":{"line":2,"column":0},"end":{"line":2,"column":33}},"3":{"start":{"line":3,"column":0},"end":{"line":3,"column":23}},"4":{"start":{"line":7,"column":0},"end":{"line":29,"column":1}},"5":{"start":{"line":9,"column":4},"end":{"line":9,"column":218}},"6":{"start":{"line":10,"column":4},"end":{"line":27,"column":7}},"7":{"start":{"line":11,"column":8},"end":{"line":13,"column":9}},"8":{"start":{"line":12,"column":12},"end":{"line":12,"column":19}},"9":{"start":{"line":14,"column":8},"end":{"line":25,"column":9}},"10":{"start":{"line":15,"column":12},"end":{"line":15,"column":19}},"11":{"start":{"line":17,"column":12},"end":{"line":17,"column":42}},"12":{"start":{"line":19,"column":12},"end":{"line":24,"column":13}},"13":{"start":{"line":20,"column":16},"end":{"line":20,"column":102}},"14":{"start":{"line":23,"column":16},"end":{"line":23,"column":41}},"15":{"start":{"line":31,"column":0},"end":{"line":31,"column":27}}},"branchMap":{"1":{"line":11,"type":"if","locations":[{"start":{"line":11,"column":8},"end":{"line":11,"column":8}},{"start":{"line":11,"column":8},"end":{"line":11,"column":8}}]},"2":{"line":14,"type":"if","locations":[{"start":{"line":14,"column":8},"end":{"line":14,"column":8}},{"start":{"line":14,"column":8},"end":{"line":14,"column":8}}]},"3":{"line":19,"type":"if","locations":[{"start":{"line":19,"column":12},"end":{"line":19,"column":12}},{"start":{"line":19,"column":12},"end":{"line":19,"column":12}}]}}}}