TN:
SF:/home/katerina/Documents/wordkat/wordkat/wordkat.js
FN:1,(anonymous_1)
FN:15,handler
FN:39,(anonymous_3)
FN:64,(anonymous_4)
FN:82,startServer
FNF:5
FNH:4
FNDA:1,(anonymous_1)
FNDA:8,handler
FNDA:1,(anonymous_3)
FNDA:2,(anonymous_4)
FNDA:0,startServer
DA:1,1
DA:3,1
DA:4,1
DA:5,1
DA:6,1
DA:7,1
DA:8,1
DA:9,1
DA:10,1
DA:11,1
DA:12,1
DA:13,1
DA:15,1
DA:16,8
DA:17,8
DA:18,8
DA:19,8
DA:20,8
DA:21,1
DA:22,7
DA:23,1
DA:26,1
DA:27,6
DA:28,0
DA:31,0
DA:32,6
DA:33,1
DA:34,1
DA:35,1
DA:36,1
DA:37,5
DA:38,1
DA:39,1
DA:40,1
DA:41,1
DA:45,4
DA:46,2
DA:47,1
DA:50,1
DA:52,2
DA:53,1
DA:56,1
DA:58,2
DA:59,0
DA:62,0
DA:64,2
DA:65,2
DA:66,0
DA:68,2
DA:69,2
DA:73,2
DA:82,1
DA:83,0
DA:84,0
DA:85,0
DA:87,1
DA:94,1
LF:57
LH:49
BRDA:20,1,0,1
BRDA:20,1,1,7
BRDA:22,2,0,1
BRDA:22,2,1,6
BRDA:27,3,0,0
BRDA:27,3,1,6
BRDA:32,4,0,1
BRDA:32,4,1,5
BRDA:37,5,0,1
BRDA:37,5,1,4
BRDA:45,6,0,2
BRDA:45,6,1,2
BRDA:46,7,0,1
BRDA:46,7,1,1
BRDA:52,8,0,1
BRDA:52,8,1,1
BRDA:58,9,0,0
BRDA:58,9,1,2
BRDA:58,10,0,2
BRDA:58,10,1,2
BRDA:65,11,0,0
BRDA:65,11,1,2
BRDA:84,12,0,0
BRDA:84,12,1,0
BRF:24
BRH:19
end_of_record
TN:
SF:/home/katerina/Documents/wordkat/wordkat/autocomplete.js
FN:1,(anonymous_1)
FN:3,(anonymous_2)
FN:4,(anonymous_3)
FNF:3
FNH:3
FNDA:1,(anonymous_1)
FNDA:1,(anonymous_2)
FNDA:235887,(anonymous_3)
DA:1,1
DA:3,1
DA:4,1
DA:5,235887
DA:6,413
DA:11,1
DA:19,1
LF:7
LH:7
BRDA:5,1,0,413
BRDA:5,1,1,235474
BRF:2
BRH:2
end_of_record
TN:
SF:/home/katerina/Documents/wordkat/wordkat/wordnik.js
FN:7,wnRequest
FN:10,(anonymous_2)
FNF:2
FNH:2
FNDA:1,wnRequest
FNDA:1,(anonymous_2)
DA:1,1
DA:2,1
DA:3,1
DA:7,1
DA:9,1
DA:10,1
DA:11,1
DA:12,0
DA:14,1
DA:15,0
DA:17,1
DA:19,1
DA:20,0
DA:23,1
DA:31,1
LF:15
LH:12
BRDA:11,1,0,0
BRDA:11,1,1,1
BRDA:14,2,0,0
BRDA:14,2,1,1
BRDA:19,3,0,0
BRDA:19,3,1,1
BRF:6
BRH:3
end_of_record
