TN:
SF:/home/mg/fac6/kat4/wordkat/server.js
FN:1,(anonymous_1)
FN:15,handler
FN:39,(anonymous_3)
FN:64,(anonymous_4)
FNF:4
FNH:2
FNDA:1,(anonymous_1)
FNDA:2,handler
FNDA:0,(anonymous_3)
FNDA:0,(anonymous_4)
DA:1,1
DA:3,1
DA:4,1
DA:5,1
DA:6,1
DA:7,1
DA:8,1
DA:9,1
DA:10,1
DA:11,1
DA:12,1
DA:13,1
DA:15,1
DA:16,2
DA:17,2
DA:18,2
DA:19,2
DA:20,2
DA:21,1
DA:22,1
DA:23,0
DA:26,0
DA:27,1
DA:28,0
DA:31,0
DA:32,1
DA:33,1
DA:34,1
DA:35,1
DA:36,1
DA:37,0
DA:38,0
DA:39,0
DA:40,0
DA:41,0
DA:45,0
DA:46,0
DA:47,0
DA:50,0
DA:52,0
DA:53,0
DA:56,0
DA:58,0
DA:59,0
DA:62,0
DA:64,0
DA:65,0
DA:66,0
DA:68,0
DA:69,0
DA:73,0
DA:80,2
DA:88,1
DA:89,1
DA:94,1
DA:99,1
LF:56
LH:31
BRDA:20,1,0,1
BRDA:20,1,1,1
BRDA:22,2,0,0
BRDA:22,2,1,1
BRDA:27,3,0,0
BRDA:27,3,1,1
BRDA:32,4,0,1
BRDA:32,4,1,0
BRDA:37,5,0,0
BRDA:37,5,1,0
BRDA:45,6,0,0
BRDA:45,6,1,0
BRDA:46,7,0,0
BRDA:46,7,1,0
BRDA:52,8,0,0
BRDA:52,8,1,0
BRDA:58,9,0,0
BRDA:58,9,1,0
BRDA:58,10,0,0
BRDA:58,10,1,0
BRDA:65,11,0,0
BRDA:65,11,1,0
BRDA:89,12,0,1
BRDA:89,12,1,1
BRF:24
BRH:7
end_of_record
TN:
SF:/home/mg/fac6/kat4/wordkat/autocomplete.js
FN:1,(anonymous_1)
FN:3,(anonymous_2)
FN:4,(anonymous_3)
FNF:3
FNH:3
FNDA:1,(anonymous_1)
FNDA:1,(anonymous_2)
FNDA:235887,(anonymous_3)
DA:1,1
DA:3,1
DA:4,1
DA:5,235887
DA:6,413
DA:11,1
DA:20,1
LF:7
LH:7
BRDA:5,1,0,413
BRDA:5,1,1,235474
BRF:2
BRH:2
end_of_record
TN:
SF:/home/mg/fac6/kat4/wordkat/wordnik.js
FN:11,wnRequest
FN:14,(anonymous_2)
FNF:2
FNH:0
FNDA:0,wnRequest
FNDA:0,(anonymous_2)
DA:1,1
DA:2,1
DA:3,1
DA:6,1
DA:7,1
DA:8,1
DA:11,1
DA:13,0
DA:14,0
DA:15,0
DA:16,0
DA:18,0
DA:19,0
DA:21,0
DA:23,0
DA:24,0
DA:27,0
DA:48,1
LF:18
LH:8
BRDA:15,1,0,0
BRDA:15,1,1,0
BRDA:18,2,0,0
BRDA:18,2,1,0
BRDA:23,3,0,0
BRDA:23,3,1,0
BRF:6
BRH:0
end_of_record
